<?xml version="1.0" encoding="UTF-8"?>
<!-- Generated by org.testng.reporters.JUnitReportReporter -->
<testsuite hostname="Evil_pc" name="ru.sberbank.SberbankTest" tests="8" failures="0" timestamp="29 Aug 2017 01:43:31 GMT" time="65.907" errors="0">
  <testcase name="gotoSocialGroupsInFooterCheckLinkToFacebook" time="7.293" classname="ru.sberbank.SberbankTest"/>
  <testcase name="gotoSberbankPageAndChangeLocationToMoscow" time="12.732" classname="ru.sberbank.SberbankTest"/>
  <testcase name="gotoSocialGroupsInFooterCheckLinkToOK" time="7.501" classname="ru.sberbank.SberbankTest"/>
  <testcase name="gotoSocialGroupsInFooterCheckLinkToInstagram" time="5.870" classname="ru.sberbank.SberbankTest"/>
  <testcase name="gotoSocialGroupsInFooterCheckLinkToYouTube" time="7.538" classname="ru.sberbank.SberbankTest"/>
  <testcase name="gotoSberbankPageAndChangeLocationToNizhniyNovgorodRegion" time="11.695" classname="ru.sberbank.SberbankTest"/>
  <testcase name="gotoSocialGroupsInFooterCheckLinkToVK" time="6.875" classname="ru.sberbank.SberbankTest"/>
  <testcase name="gotoSocialGroupsInFooterCheckLinkToTwitter" time="6.403" classname="ru.sberbank.SberbankTest"/>
</testsuite> <!-- ru.sberbank.SberbankTest -->
